2026-01-23 18:46:43 INFO  Ejercicio4.6 - Domicilio: Avefría 21
2026-01-23 18:46:43 INFO  Ejercicio4.6 - Domicilio: Teatro 16
2026-01-23 18:46:43 INFO  Ejercicio4.6 - Domicilio: Pabellon 12
2026-01-23 18:48:10 INFO  Ejercicio4.6 - Persona: Antonio Mora
2026-01-23 18:48:10 INFO  Ejercicio4.6 - Domicilio: Avefría 21
2026-01-23 18:48:10 INFO  Ejercicio4.6 - Persona: Antonio Mora
2026-01-23 18:48:10 INFO  Ejercicio4.6 - Domicilio: Teatro 16
2026-01-23 18:48:10 INFO  Ejercicio4.6 - Persona: Antonio Mora
2026-01-23 18:48:10 INFO  Ejercicio4.6 - Domicilio: Pabellon 12
2026-01-23 18:53:42 INFO  Ejercicio4.6 - Domicilio: Avefría 21
2026-01-23 18:53:42 INFO  Ejercicio4.6 - Domicilio: Teatro 16
2026-01-23 18:53:42 INFO  Ejercicio4.6 - Domicilio: Pabellon 12
2026-01-23 18:54:30 INFO  Ejercicio4.6 - Domicilio: Avefría 21
2026-01-23 18:54:30 INFO  Ejercicio4.6 - Domicilio: Teatro 16
2026-01-23 18:54:30 INFO  Ejercicio4.6 - Domicilio: Pabellon 12
2026-01-23 19:25:22 INFO  Ejercicio4.6 - Domicilio: Avefría 21
2026-01-23 19:25:22 INFO  Ejercicio4.6 - Domicilio: Teatro 16
2026-01-23 19:25:22 INFO  Ejercicio4.6 - Domicilio: Pabellon 12
2026-01-23 19:25:42 INFO  Ejercicio4.7 - La persona es morosa?: true
2026-01-23 19:25:42 INFO  Ejercicio4.7 - Estado de la persona con DNI 123456789T
2026-01-23 19:25:42 INFO  Ejercicio4.7 - Cuenta 1 -> Saldo: 1100.0
2026-01-23 19:25:42 INFO  Ejercicio4.7 - Cuenta 2 -> Saldo: -50.0
2026-01-23 19:25:42 INFO  Ejercicio4.7 - Despues de la transferencia: kotlin.Unit
2026-01-23 19:25:42 INFO  Ejercicio4.7 - La persona es morosa?: true
2026-01-23 19:26:32 INFO  Ejercicio4.7 - La persona es morosa?: true
2026-01-23 19:26:32 INFO  Ejercicio4.7 - Estado de la persona con DNI 123456789T
2026-01-23 19:26:32 INFO  Ejercicio4.7 - Cuenta 1 -> Saldo: 1100.0
2026-01-23 19:26:32 INFO  Ejercicio4.7 - Cuenta 2 -> Saldo: -50.0
2026-01-23 19:26:32 INFO  Ejercicio4.7 - Despues de la transferencia: kotlin.Unit
2026-01-23 19:26:32 INFO  Ejercicio4.7 - La persona es morosa?: true
2026-01-23 19:29:40 INFO  Ejercicio4.7 - La persona es morosa?: true
2026-01-23 19:29:40 INFO  Ejercicio4.7 - Despues de la transferencia:
2026-01-23 19:29:40 INFO  Ejercicio4.7 - Estado de la persona con DNI 123456789T
2026-01-23 19:29:40 INFO  Ejercicio4.7 - Cuenta 1 -> Saldo: 1100.0
2026-01-23 19:29:40 INFO  Ejercicio4.7 - Cuenta 2 -> Saldo: -50.0
2026-01-23 19:29:40 INFO  Ejercicio4.7 - La persona es morosa?: true
2026-01-23 19:31:17 INFO  Ejercicio4.7 - La persona es morosa?: true
2026-01-23 19:31:17 INFO  Ejercicio4.7 - Despues de la transferencia:
2026-01-23 19:31:17 INFO  Ejercicio4.7 - Estado de la persona con DNI 123456789T
2026-01-23 19:31:17 INFO  Ejercicio4.7 - Cuenta 1 -> Saldo: 1100.0
2026-01-23 19:31:17 INFO  Ejercicio4.7 - Cuenta 2 -> Saldo: -50.0
2026-01-23 19:31:17 INFO  Ejercicio4.7 - La persona es morosa?: true
2026-01-23 19:31:59 INFO  Ejercicio4.7 - La persona es morosa?: true
2026-01-23 19:31:59 INFO  Ejercicio4.7 - Despues de la transferencia:
2026-01-23 19:31:59 INFO  Ejercicio4.7 - Estado de la persona con DNI 123456789T
2026-01-23 19:31:59 INFO  Ejercicio4.7 - Cuenta 1 -> Saldo: 900.0
2026-01-23 19:31:59 INFO  Ejercicio4.7 - Cuenta 2 -> Saldo: 150.0
2026-01-23 19:31:59 INFO  Ejercicio4.7 - La persona es morosa?: false
2026-01-23 20:14:20 INFO  Ejercicio4.7 - Contenido del conjunto
2026-01-23 20:14:20 INFO  Ejercicio4.7 - El conjunto de libros está vacío
2026-01-23 20:14:20 INFO  Ejercicio4.7 - No hay libros en el conjunto
2026-01-23 20:14:20 INFO  Ejercicio4.7 - No hay libros en el conjunto
2026-01-23 20:14:20 INFO  Ejercicio4.7 - Contenido del conjunto
2026-01-23 20:14:20 INFO  Ejercicio4.7 - El conjunto de libros está vacío
2026-01-23 20:14:20 INFO  Ejercicio4.7 - Contenido del conjunto
2026-01-23 20:14:20 INFO  Ejercicio4.7 - El conjunto de libros está vacío
2026-01-23 20:14:20 INFO  Ejercicio4.7 - Contenido del conjunto
2026-01-23 20:14:20 INFO  Ejercicio4.7 - El conjunto de libros está vacío
2026-01-23 20:18:23 INFO  Ejercicio4.7 - Contenido del conjunto
2026-01-23 20:18:23 INFO  Ejercicio4.7 - org.iesra.Libro@769e7ee8
2026-01-23 20:18:23 INFO  Ejercicio4.7 - org.iesra.Libro@5276e6b0
2026-01-23 20:18:23 INFO  Ejercicio4.7 - Libro con mayor calificacion = org.iesra.Libro@769e7ee8
2026-01-23 20:18:23 INFO  Ejercicio4.7 - Libro con menor calificacion = org.iesra.Libro@5276e6b0
2026-01-23 20:18:23 INFO  Ejercicio4.7 - Contenido del conjunto
2026-01-23 20:18:23 INFO  Ejercicio4.7 - org.iesra.Libro@769e7ee8
2026-01-23 20:18:23 INFO  Ejercicio4.7 - Contenido del conjunto
2026-01-23 20:18:23 INFO  Ejercicio4.7 - El conjunto de libros está vacío
2026-01-23 20:18:23 INFO  Ejercicio4.7 - Contenido del conjunto
2026-01-23 20:18:23 INFO  Ejercicio4.7 - org.iesra.Libro@71b1176b
2026-01-23 20:19:22 INFO  Ejercicio4.7 - Contenido del conjunto
2026-01-23 20:19:22 INFO  Ejercicio4.7 - Título: Invisible | Autor: Eloy Moreno | Páginas: 500 | Calificación: 10
2026-01-23 20:19:22 INFO  Ejercicio4.7 - Título: Redes | Autor: Eloy Moreno2 | Páginas: 600 | Calificación: 9
2026-01-23 20:19:22 INFO  Ejercicio4.7 - Libro con mayor calificacion = Título: Invisible | Autor: Eloy Moreno | Páginas: 500 | Calificación: 10
2026-01-23 20:19:22 INFO  Ejercicio4.7 - Libro con menor calificacion = Título: Redes | Autor: Eloy Moreno2 | Páginas: 600 | Calificación: 9
2026-01-23 20:19:22 INFO  Ejercicio4.7 - Contenido del conjunto
2026-01-23 20:19:22 INFO  Ejercicio4.7 - Título: Invisible | Autor: Eloy Moreno | Páginas: 500 | Calificación: 10
2026-01-23 20:19:22 INFO  Ejercicio4.7 - Contenido del conjunto
2026-01-23 20:19:22 INFO  Ejercicio4.7 - El conjunto de libros está vacío
2026-01-23 20:19:22 INFO  Ejercicio4.7 - Contenido del conjunto
2026-01-23 20:19:22 INFO  Ejercicio4.7 - Título: Naruto | Autor: Masashi Kishimoto | Páginas: 1000 | Calificación: 10
2026-01-23 20:20:06 INFO  Ejercicio4.7 - Contenido del conjunto
2026-01-23 20:20:06 INFO  Ejercicio4.7 - Título: Invisible | Autor: Eloy Moreno | Páginas: 500 | Calificación: 10
2026-01-23 20:20:06 INFO  Ejercicio4.7 - Título: Redes | Autor: Eloy Moreno2 | Páginas: 600 | Calificación: 9
2026-01-23 20:20:06 INFO  Ejercicio4.7 - Libro con mayor calificacion = Invisible
2026-01-23 20:20:06 INFO  Ejercicio4.7 - Libro con menor calificacion = Redes
2026-01-23 20:20:06 INFO  Ejercicio4.7 - Contenido del conjunto
2026-01-23 20:20:06 INFO  Ejercicio4.7 - Título: Invisible | Autor: Eloy Moreno | Páginas: 500 | Calificación: 10
2026-01-23 20:20:06 INFO  Ejercicio4.7 - Contenido del conjunto
2026-01-23 20:20:06 INFO  Ejercicio4.7 - El conjunto de libros está vacío
2026-01-23 20:20:06 INFO  Ejercicio4.7 - Contenido del conjunto
2026-01-23 20:20:06 INFO  Ejercicio4.7 - Título: Naruto | Autor: Masashi Kishimoto | Páginas: 1000 | Calificación: 10
